Colmillos: 141 * 84 = 11844
Colmillos: 414 * 396 = 163944
Colmillos: 534 * 231 = 123354
Colmillos: 351 * 414 = 145314
Colmillos: 542 * 47 = 25474
Colmillos: 437 * 602 = 263074
Colmillos: 534 * 591 = 315594
Colmillos: 864 * 216 = 186624
Colmillos: 651 * 24 = 15624
Colmillos: 473 * 8 = 3784
Colmillos: 284 * 926 = 262984
Colmillos: 846 * 54 = 45684
Colmillos: 84 * 546 = 45864
Colmillos: 516 * 204 = 105264
Colmillos: 906 * 894 = 809964
Colmillos: 926 * 14 = 12964
Colmillos: 524 * 461 = 241564
Colmillos: 464 * 926 = 429664
Colmillos: 704 * 101 = 71104
Colmillos: 486 * 261 = 126846
Colmillos: 51 * 246 = 12546
Colmillos: 342 * 963 = 329346
Colmillos: 926 * 356 = 329656
Colmillos: 612 * 468 = 286416
Colmillos: 476 * 941 = 447916
Colmillos: 678 * 42 = 28476
Colmillos: 507 * 168 = 85176
Colmillos: 926 * 176 = 162976
Colmillos: 851 * 296 = 251896
Colmillos: 216 * 981 = 211896
Colmillos: 692 * 338 = 233896
Colmillos: 392 * 863 = 338296
Colmillos: 936 * 36 = 33696
Colmillos: 896 * 926 = 829696
Colmillos: 26 * 401 = 10426
Colmillos: 21 * 906 = 19026
Colmillos: 6 * 21 = 126
Colmillos: 251 * 86 = 21586
Colmillos: 626 * 341 = 213466
Colmillos: 662 * 593 = 392566
Colmillos: 506 * 101 = 51106
Colmillos: 6 * 201 = 1206
Colmillos: 356 * 431 = 153436
Colmillos: 951 * 336 = 319536
Colmillos: 327 * 591 = 193257
Colmillos: 431 * 707 = 304717
Colmillos: 897 * 201 = 180297
Colmillos: 627 * 201 = 126027
Colmillos: 21 * 87 = 1827
Colmillos: 81 * 27 = 2187
Colmillos: 167 * 701 = 117067
Colmillos: 101 * 407 = 41107
Colmillos: 47 * 371 = 17437
Colmillos: 387 * 351 = 135837
Colmillos: 461 * 317 = 146137
Colmillos: 422 * 311 = 131242
Colmillos: 623 * 524 = 326452
Colmillos: 801 * 252 = 201852
Colmillos: 942 * 156 = 146952
Colmillos: 432 * 891 = 384912
Colmillos: 102 * 456 = 46512
Colmillos: 6 * 102 = 612
Colmillos: 822 * 276 = 226872
Colmillos: 624 * 78 = 48672
Colmillos: 572 * 926 = 529672
Colmillos: 152 * 761 = 115672
Colmillos: 776 * 992 = 769792
Colmillos: 926 * 392 = 362992
Colmillos: 936 * 72 = 67392
Colmillos: 782 * 221 = 172822
Colmillos: 422 * 581 = 245182
Colmillos: 102 * 501 = 51102
Colmillos: 902 * 101 = 91102
Colmillos: 308 * 29 = 8932
Colmillos: 926 * 32 = 29632
Colmillos: 41 * 323 = 13243
Colmillos: 51 * 3 = 153
Colmillos: 533 * 641 = 341653
Colmillos: 971 * 383 = 371893
Colmillos: 443 * 281 = 124483
Colmillos: 803 * 101 = 81103
Colmillos: 3 * 501 = 1503
Colmillos: 231 * 543 = 125433
Colmillos: 671 * 323 = 216733
Colmillos: 201 * 51 = 10251
Colmillos: 11 * 101 = 1111
Colmillos: 21 * 501 = 10521
Colmillos: 824 * 152 = 125248
Colmillos: 938 * 146 = 136948
Colmillos: 926 * 248 = 229648
Colmillos: 657 * 864 = 567648
Colmillos: 701 * 158 = 110758
Colmillos: 858 * 951 = 815958
Colmillos: 953 * 986 = 939658
Colmillos: 431 * 878 = 378418
Colmillos: 842 * 269 = 226498
Colmillos: 89 * 482 = 42898
Colmillos: 582 * 489 = 284598
Colmillos: 588 * 231 = 135828
Colmillos: 881 * 248 = 218488
Colmillos: 984 * 807 = 794088
Colmillos: 951 * 588 = 559188
Colmillos: 468 * 891 = 416988
Colmillos: 8 * 86 = 688
Colmillos: 926 * 788 = 729688
Colmillos: 876 * 843 = 738468
Colmillos: 926 * 68 = 62968
Colmillos: 446 * 908 = 404968
Colmillos: 366 * 948 = 346968
Colmillos: 308 * 101 = 31108
Colmillos: 608 * 251 = 152608
Colmillos: 834 * 57 = 47538
Colmillos: 806 * 323 = 260338
Colmillos: 678 * 321 = 217638
Colmillos: 533 * 686 = 365638
Colmillos: 87 * 435 = 37845
Colmillos: 105 * 849 = 89145
Colmillos: 423 * 315 = 133245
Colmillos: 395 * 491 = 193945
Colmillos: 845 * 59 = 49855
Colmillos: 585 * 63 = 36855
Colmillos: 5 * 251 = 1255
Colmillos: 545 * 899 = 489955
Colmillos: 53 * 635 = 33655
Colmillos: 465 * 831 = 386415
Colmillos: 21 * 915 = 19215
Colmillos: 951 * 165 = 156915
Colmillos: 105 * 3 = 315
Colmillos: 725 * 431 = 312475
Colmillos: 65 * 875 = 56875
Colmillos: 725 * 179 = 129775
Colmillos: 975 * 321 = 312975
Colmillos: 15 * 705 = 10575
Colmillos: 725 * 35 = 25375
Colmillos: 983 * 65 = 63895
Colmillos: 491 * 845 = 414895
Colmillos: 945 * 891 = 841995
Colmillos: 15 * 93 = 1395
Colmillos: 963 * 765 = 736695
Colmillos: 275 * 719 = 197725
Colmillos: 425 * 317 = 134725
Colmillos: 725 * 161 = 116725
Colmillos: 525 * 105 = 55125
Colmillos: 225 * 801 = 180225
Colmillos: 81 * 225 = 18225
Colmillos: 957 * 825 = 789525
Colmillos: 635 * 215 = 136525
Colmillos: 231 * 75 = 17325
Colmillos: 255 * 807 = 205785
Colmillos: 927 * 855 = 792585
Colmillos: 261 * 585 = 152685
Colmillos: 855 * 63 = 53865
Colmillos: 65 * 281 = 18265
Colmillos: 65 * 641 = 41665
Colmillos: 101 * 605 = 61105
Colmillos: 201 * 105 = 21105
Colmillos: 41 * 35 = 1435
Colmillos: 401 * 35 = 14035
Colmillos: 801 * 135 = 108135
Colmillos: 840 * 141 = 118440
Colmillos: 80 * 473 = 37840
Colmillos: 846 * 540 = 456840
Colmillos: 542 * 470 = 254740
Colmillos: 240 * 651 = 156240
Colmillos: 840 * 546 = 458640
Colmillos: 140 * 926 = 129640
Colmillos: 435 * 870 = 378450
Colmillos: 875 * 650 = 568750
Colmillos: 725 * 350 = 253750
Colmillos: 705 * 150 = 105750
Colmillos: 105 * 30 = 3150
Colmillos: 915 * 210 = 192150
Colmillos: 231 * 750 = 173250
Colmillos: 902 * 875 = 789250
Colmillos: 810 * 225 = 182250
Colmillos: 983 * 650 = 638950
Colmillos: 150 * 93 = 13950
Colmillos: 906 * 75 = 67950
Colmillos: 585 * 630 = 368550
Colmillos: 845 * 590 = 498550
Colmillos: 251 * 50 = 12550
Colmillos: 530 * 635 = 336550
Colmillos: 350 * 401 = 140350
Colmillos: 410 * 35 = 14350
Colmillos: 630 * 855 = 538650
Colmillos: 650 * 281 = 182650
Colmillos: 641 * 650 = 416650
Colmillos: 110 * 101 = 11110
Colmillos: 501 * 210 = 105210
Colmillos: 510 * 201 = 102510
Colmillos: 270 * 81 = 21870
Colmillos: 87 * 210 = 18270
Colmillos: 371 * 470 = 174370
Colmillos: 351 * 90 = 31590
Colmillos: 780 * 624 = 486720
Colmillos: 102 * 60 = 6120
Colmillos: 936 * 720 = 673920
Colmillos: 290 * 308 = 89320
Colmillos: 926 * 320 = 296320
Colmillos: 860 * 8 = 6880
Colmillos: 482 * 890 = 428980
Colmillos: 834 * 570 = 475380
Colmillos: 926 * 680 = 629680
Colmillos: 615 * 204 = 125460
Colmillos: 201 * 60 = 12060
Colmillos: 860 * 251 = 215860
Colmillos: 420 * 678 = 284760
Colmillos: 65 * 704 = 45760
Colmillos: 6 * 210 = 1260
Colmillos: 210 * 906 = 190260
Colmillos: 260 * 401 = 104260
Colmillos: 936 * 360 = 336960
Colmillos: 473 * 800 = 378400
Colmillos: 0 * 0 = 0
Colmillos: 860 * 800 = 688000
Colmillos: 300 * 510 = 153000
Colmillos: 210 * 600 = 126000
Colmillos: 86 * 800 = 68800
Colmillos: 810 * 270 = 218700
Colmillos: 870 * 210 = 182700
Colmillos: 102 * 600 = 61200
Colmillos: 351 * 900 = 315900
Colmillos: 105 * 300 = 31500
Colmillos: 410 * 350 = 143500
Colmillos: 906 * 750 = 679500
Colmillos: 150 * 930 = 139500
Colmillos: 500 * 251 = 125500
Colmillos: 300 * 501 = 150300
Colmillos: 30 * 510 = 15300
Colmillos: 201 * 600 = 120600
Colmillos: 650 * 704 = 457600
Colmillos: 60 * 210 = 12600
Colmillos: 410 * 323 = 132430
Colmillos: 501 * 30 = 15030
Colmillos: 3 * 510 = 1530
Colmillos: 909 * 351 = 319059
Colmillos: 351 * 9 = 3159
Colmillos: 891 * 549 = 489159
Colmillos: 909 * 891 = 809919
Colmillos: 681 * 759 = 516879
Colmillos: 231 * 759 = 175329
Colmillos: 969 * 381 = 369189
Colmillos: 269 * 581 = 156289
Colmillos: 369 * 981 = 361989
Colmillos: 101 * 209 = 21109
Colmillos: 563 * 953 = 536539
